<!DOCTYPE html PUBLIC "-//W3C//DTD XHTML 1.1//EN" "http://www.w3.org/TR/xhtml11/DTD/xhtml11.dtd">
<html xmlns="http://www.w3.org/1999/xhtml"><head><title>TestNG Report</title><style type="text/css">table {margin-bottom:10px;border-collapse:collapse;empty-cells:show}th,td {border:1px solid #009;padding:.25em .5em}th {vertical-align:bottom}td {vertical-align:top}table a {font-weight:bold}.stripe td {background-color: #E6EBF9}.num {text-align:right}.passedodd td {background-color: #3F3}.passedeven td {background-color: #0A0}.skippedodd td {background-color: #DDD}.skippedeven td {background-color: #CCC}.failedodd td,.attn {background-color: #F33}.failedeven td,.stripe .attn {background-color: #D00}.stacktrace {white-space:pre;font-family:monospace}.totop {font-size:85%;text-align:center;border-bottom:2px solid #000}</style></head><body><table><tr><th>Test</th><th># Passed</th><th># Skipped</th><th># Failed</th><th>Time (ms)</th><th>Included Groups</th><th>Excluded Groups</th></tr><tr><th colspan="7">Suite</th></tr><tr><td><a href="#t0">Test</a></td><td class="num">3</td><td class="num">0</td><td class="num attn">2</td><td class="num">14,060</td><td></td><td></td></tr></table><table><thead><tr><th>Class</th><th>Method</th><th>Start</th><th>Time (ms)</th></tr></thead><tbody><tr><th colspan="4">Suite</th></tr></tbody><tbody id="t0"><tr><th colspan="4">Test &#8212; failed</th></tr><tr class="failedeven"><td rowspan="1">test.TriggerTests</td><td><a href="#m0">TriggerTests_TC01_Availability_Admin</a></td><td rowspan="1">1534322011691</td><td rowspan="1">0</td></tr><tr class="failedodd"><td rowspan="1">test.WorkflowTests</td><td><a href="#m1">WorkflowTests_TC01_Availability_Admin</a></td><td rowspan="1">1534321997650</td><td rowspan="1">16</td></tr><tr><th colspan="4">Test &#8212; passed</th></tr><tr class="passedeven"><td rowspan="2">test.TriggerTests</td><td><a href="#m2">TriggerTests_TC02_Availability_NonAdmin</a></td><td rowspan="1">1534322011692</td><td rowspan="1">1</td></tr><tr class="passedeven"><td><a href="#m3">TriggerTests_TC03_Default_Setup</a></td><td rowspan="1">1534322011694</td><td rowspan="1">0</td></tr><tr class="passedodd"><td rowspan="1">test.WorkflowTests</td><td><a href="#m4">WorkflowTests_TC04_GooglePageTest</a></td><td rowspan="1">1534321997666</td><td rowspan="1">14022</td></tr></tbody></table><h2>Test</h2><h3 id="m0">test.TriggerTests#TriggerTests_TC01_Availability_Admin</h3><table class="result"><tr><th>Exception</th></tr><tr><td><div class="stacktrace">java.lang.ArithmeticException: / by zero
	at test.TriggerTests.TriggerTests_TC01_Availability_Admin(TriggerTests.java:39)
... Removed 27 stack frames</div></td></tr></table><p class="totop"><a href="#summary">back to summary</a></p><h3 id="m1">test.WorkflowTests#WorkflowTests_TC01_Availability_Admin</h3><table class="result"><tr><th>Exception</th></tr><tr><td><div class="stacktrace">java.lang.AssertionError: expected [true] but found [false]
	at test.WorkflowTests.WorkflowTests_TC01_Availability_Admin(WorkflowTests.java:51)
... Removed 33 stack frames</div></td></tr></table><p class="totop"><a href="#summary">back to summary</a></p><h3 id="m2">test.TriggerTests#TriggerTests_TC02_Availability_NonAdmin</h3><table class="result"></table><p class="totop"><a href="#summary">back to summary</a></p><h3 id="m3">test.TriggerTests#TriggerTests_TC03_Default_Setup</h3><table class="result"></table><p class="totop"><a href="#summary">back to summary</a></p><h3 id="m4">test.WorkflowTests#WorkflowTests_TC04_GooglePageTest</h3><table class="result"></table><p class="totop"><a href="#summary">back to summary</a></p></body></html>