<?xml version="1.0" encoding="UTF-8"?>
<!-- Generated by org.testng.reporters.JUnitXMLReporter -->
<testsuite hostname="Ash" name="Test" tests="5" failures="2" timestamp="15 Aug 2018 08:33:31 GMT" time="14.06" errors="0">
  <testcase name="WorkflowTests_TC01_Availability_Admin" time="0.016" classname="test.WorkflowTests">
    <failure type="java.lang.AssertionError" message="expected [true] but found [false]">
      <![CDATA[java.lang.AssertionError: expected [true] but found [false]
	at test.WorkflowTests.WorkflowTests_TC01_Availability_Admin(WorkflowTests.java:51)
... Removed 33 stack frames]]>
    </failure>
  </testcase> <!-- WorkflowTests_TC01_Availability_Admin -->
  <testcase name="WorkflowTests_TC04_GooglePageTest" time="14.022" classname="test.WorkflowTests"/>
  <testcase name="TriggerTests_TC01_Availability_Admin" time="0.0" classname="test.TriggerTests">
    <failure type="java.lang.ArithmeticException" message="/ by zero">
      <![CDATA[java.lang.ArithmeticException: / by zero
	at test.TriggerTests.TriggerTests_TC01_Availability_Admin(TriggerTests.java:39)
... Removed 27 stack frames]]>
    </failure>
  </testcase> <!-- TriggerTests_TC01_Availability_Admin -->
  <testcase name="TriggerTests_TC02_Availability_NonAdmin" time="0.001" classname="test.TriggerTests"/>
  <testcase name="TriggerTests_TC03_Default_Setup" time="0.0" classname="test.TriggerTests"/>
</testsuite> <!-- Test -->
